<?xml version="1.0" encoding="UTF-8"?>
<!-- Generated by org.testng.reporters.JUnitXMLReporter -->
<testsuite ignored="0" hostname="DELL-C0HKRC2" failures="0" tests="5" name="Default test" time="19.891" errors="0" timestamp="2021-06-30T20:38:57 ART">
  <testcase classname="pruebas.Laboratorio4_E2" name="login" time="4.154"/>
  <testcase classname="pruebas.Laboratorio4_E2" name="login" time="3.94"/>
  <testcase classname="pruebas.Laboratorio4_E2" name="login" time="3.192"/>
  <testcase classname="pruebas.Laboratorio4_E2" name="login" time="3.149"/>
  <testcase classname="pruebas.Laboratorio4_E2" name="login" time="3.975"/>
</testsuite> <!-- Default test -->
