<?xml version="1.0" encoding="UTF-8"?>
<testng-results ignored="0" total="5" passed="5" failed="0" skipped="0">
  <reporter-output>
  </reporter-output>
  <suite started-at="2021-06-30T20:38:37 ART" name="Default suite" finished-at="2021-06-30T20:38:57 ART" duration-ms="19891">
    <groups>
    </groups>
    <test started-at="2021-06-30T20:38:37 ART" name="Default test" finished-at="2021-06-30T20:38:57 ART" duration-ms="19891">
      <class name="pruebas.Laboratorio4_E2">
        <test-method is-config="true" signature="setUp()[pri:0, instance:pruebas.Laboratorio4_E2@71809907]" started-at="2021-06-30T20:38:27 ART" name="setUp" finished-at="2021-06-30T20:38:37 ART" duration-ms="9876" status="PASS">
          <reporter-output>
          </reporter-output>
        </test-method> <!-- setUp -->
        <test-method signature="login(java.lang.String,java.lang.String)[pri:0, instance:pruebas.Laboratorio4_E2@71809907]" started-at="2021-06-30T20:38:38 ART" name="login" data-provider="Datos Login" finished-at="2021-06-30T20:38:43 ART" duration-ms="4154" status="PASS">
          <params>
            <param index="0">
              <value>
                <![CDATA[correo3@mailinator.com]]>
              </value>
            </param>
            <param index="1">
              <value>
                <![CDATA[ABCD]]>
              </value>
            </param>
          </params>
          <reporter-output>
          </reporter-output>
        </test-method> <!-- login -->
        <test-method signature="login(java.lang.String,java.lang.String)[pri:0, instance:pruebas.Laboratorio4_E2@71809907]" started-at="2021-06-30T20:38:43 ART" name="login" data-provider="Datos Login" finished-at="2021-06-30T20:38:47 ART" duration-ms="3940" status="PASS">
          <params>
            <param index="0">
              <value>
                <![CDATA[correo4@mailinator.com]]>
              </value>
            </param>
            <param index="1">
              <value>
                <![CDATA[ABCD]]>
              </value>
            </param>
          </params>
          <reporter-output>
          </reporter-output>
        </test-method> <!-- login -->
        <test-method signature="login(java.lang.String,java.lang.String)[pri:0, instance:pruebas.Laboratorio4_E2@71809907]" started-at="2021-06-30T20:38:47 ART" name="login" data-provider="Datos Login" finished-at="2021-06-30T20:38:50 ART" duration-ms="3192" status="PASS">
          <params>
            <param index="0">
              <value>
                <![CDATA[correo5@mailinator.com]]>
              </value>
            </param>
            <param index="1">
              <value>
                <![CDATA[45dsff4s]]>
              </value>
            </param>
          </params>
          <reporter-output>
          </reporter-output>
        </test-method> <!-- login -->
        <test-method signature="login(java.lang.String,java.lang.String)[pri:0, instance:pruebas.Laboratorio4_E2@71809907]" started-at="2021-06-30T20:38:50 ART" name="login" data-provider="Datos Login" finished-at="2021-06-30T20:38:53 ART" duration-ms="3149" status="PASS">
          <params>
            <param index="0">
              <value>
                <![CDATA[correo6@mailinator.com]]>
              </value>
            </param>
            <param index="1">
              <value>
                <![CDATA[ferewrfwa]]>
              </value>
            </param>
          </params>
          <reporter-output>
          </reporter-output>
        </test-method> <!-- login -->
        <test-method signature="login(java.lang.String,java.lang.String)[pri:0, instance:pruebas.Laboratorio4_E2@71809907]" started-at="2021-06-30T20:38:53 ART" name="login" data-provider="Datos Login" finished-at="2021-06-30T20:38:57 ART" duration-ms="3975" status="PASS">
          <params>
            <param index="0">
              <value>
                <![CDATA[correo7@mailinator.com]]>
              </value>
            </param>
            <param index="1">
              <value>
                <![CDATA[esfw3a3a]]>
              </value>
            </param>
          </params>
          <reporter-output>
          </reporter-output>
        </test-method> <!-- login -->
        <test-method is-config="true" signature="close()[pri:0, instance:pruebas.Laboratorio4_E2@71809907]" started-at="2021-06-30T20:38:57 ART" name="close" finished-at="2021-06-30T20:38:57 ART" duration-ms="408" status="PASS">
          <reporter-output>
          </reporter-output>
        </test-method> <!-- close -->
      </class> <!-- pruebas.Laboratorio4_E2 -->
    </test> <!-- Default test -->
  </suite> <!-- Default suite -->
</testng-results>
